<?xml version="1.0" encoding="UTF-8"?>
<testsuite name="FizzBuzzTest" tests="4" skipped="0" failures="0" errors="0" timestamp="2022-06-16T15:00:24" hostname="DESKTOP-6PFN4EM" time="0.043">
  <properties/>
  <testcase name="ReturnBuzzIfTheNumberDivisibleBy5()" classname="FizzBuzzTest" time="0.033"/>
  <testcase name="ReturnTheNumberInStringFormatIfTheNumberIsNeitherDivisibleBy3Nor5()" classname="FizzBuzzTest" time="0.003"/>
  <testcase name="ReturnFizzBuzzIfTheNumberDivisibleByBoth3And5()" classname="FizzBuzzTest" time="0.002"/>
  <testcase name="ReturnFizzIfTheNumberDivisibleBy3()" classname="FizzBuzzTest" time="0.001"/>
  <system-out><![CDATA[]]></system-out>
  <system-err><![CDATA[]]></system-err>
</testsuite>
